\BOOKMARK [0][-]{section*.1}{Sigles et Abr\351viations}{}% 1
\BOOKMARK [0][-]{chapter*.3}{D\351dicace}{}% 2
\BOOKMARK [0][-]{chapter*.4}{Remerciements}{}% 3
\BOOKMARK [0][-]{chapter*.5}{R\351sum\351/Abstract}{}% 4
\BOOKMARK [0][-]{chapter*.6}{Introduction}{}% 5
\BOOKMARK [1][-]{section.0.1}{Contexte et justification}{chapter*.6}% 6
\BOOKMARK [1][-]{section.0.2}{Probl\351matique}{chapter*.6}% 7
\BOOKMARK [1][-]{section.0.3}{Objectifs}{chapter*.6}% 8
\BOOKMARK [1][-]{section.0.4}{Environnement de stage}{chapter*.6}% 9
\BOOKMARK [1][-]{section.0.5}{Organisation du m\351moire}{chapter*.6}% 10
\BOOKMARK [0][-]{chapter.1}{Revue de litt\351rature}{}% 11
\BOOKMARK [1][-]{section.1.1}{Gd'Or}{chapter.1}% 12
\BOOKMARK [2][-]{subsection.1.1.1}{Pr\351sentation}{section.1.1}% 13
\BOOKMARK [2][-]{subsection.1.1.2}{Quelques choix techniques concernant Gd'Or}{section.1.1}% 14
\BOOKMARK [2][-]{subsection.1.1.3}{Limites}{section.1.1}% 15
\BOOKMARK [2][-]{subsection.1.1.4}{Participation de Gd'Or dans notre travail}{section.1.1}% 16
\BOOKMARK [1][-]{section.1.2}{S\351curit\351 des applications Web}{chapter.1}% 17
\BOOKMARK [2][-]{subsection.1.2.1}{Notion de hacker et de cracker}{section.1.2}% 18
\BOOKMARK [2][-]{subsection.1.2.2}{Mode op\351ratoire d'une attaque informatique}{section.1.2}% 19
\BOOKMARK [2][-]{subsection.1.2.3}{Menaces et risques applicatifs}{section.1.2}% 20
\BOOKMARK [0][-]{chapter.2}{Conception et Mat\351riels}{}% 21
\BOOKMARK [1][-]{section.2.1}{Conception}{chapter.2}% 22
\BOOKMARK [2][-]{subsection.2.1.1}{M\351thode de mod\351lisation}{section.2.1}% 23
\BOOKMARK [2][-]{subsection.2.1.2}{Diagramme de cas d'utilisation}{section.2.1}% 24
\BOOKMARK [2][-]{subsection.2.1.3}{Diagramme de s\351quence}{section.2.1}% 25
\BOOKMARK [1][-]{section.2.2}{Mat\351riels}{chapter.2}% 26
\BOOKMARK [2][-]{subsection.2.2.1}{Principe de fonctionnement de notre solution}{section.2.2}% 27
\BOOKMARK [2][-]{subsection.2.2.2}{Contr\364le des acc\350s: RBAC}{section.2.2}% 28
\BOOKMARK [2][-]{subsection.2.2.3}{Solutions de paiement}{section.2.2}% 29
\BOOKMARK [2][-]{subsection.2.2.4}{Langages de d\351veloppement et outils}{section.2.2}% 30
\BOOKMARK [2][-]{subsection.2.2.5}{Environnement de Production}{section.2.2}% 31
\BOOKMARK [0][-]{chapter.3}{R\351sultats et Discussion}{}% 32
\BOOKMARK [1][-]{section.3.1}{Pr\351sentation des r\351sultats des tests}{chapter.3}% 33
\BOOKMARK [2][-]{subsection.3.1.1}{Interfaces Abonn\351}{section.3.1}% 34
\BOOKMARK [2][-]{subsection.3.1.2}{Interfaces Administrateurs}{section.3.1}% 35
\BOOKMARK [1][-]{section.3.2}{Discussion}{chapter.3}% 36
\BOOKMARK [0][-]{chapter*.25}{Conclusion et Perspectives}{}% 37
\BOOKMARK [0][-]{chapter*.26}{Bibliographie}{}% 38
\BOOKMARK [0][-]{chapter*.27}{Webographie}{}% 39
